<?xml version="1.0" encoding="UTF-8"?>
<!-- Generated by org.testng.reporters.JUnitXMLReporter -->
<testsuite ignored="0" hostname="EXPLPT27" failures="1" tests="2" name="Surefire test" time="7.238" errors="0" timestamp="2024-10-17T22:24:28 IST">
  <testcase classname="automation_Test.Automationtest" name="build" time="7.168">
    <failure type="org.openqa.selenium.ElementClickInterceptedException" message="element click intercepted: Element &amp;lt;a class=&amp;quot;MuiTypography-root MuiTypography-inherit MuiLink-root MuiLink-underlineAlways css-1pjrb3v&amp;quot; href=&amp;quot;https://quickoffice-internal.googlesource.com/html-office/+/...2d3b1b15262545373333d3939f7f713&amp;quot;&amp;gt;6b5f75361&amp;lt;/a&amp;gt; is not clickable at point (725, 201). Other element would receive the click: &amp;lt;p&amp;gt;...&amp;lt;/p&amp;gt;
  (Session info: chrome=129.0.6668.100)
Build info: version: &amp;apos;4.13.0&amp;apos;, revision: &amp;apos;ba948ece5b*&amp;apos;
System info: os.name: &amp;apos;Linux&amp;apos;, os.arch: &amp;apos;amd64&amp;apos;, os.version: &amp;apos;5.15.0-122-generic&amp;apos;, java.version: &amp;apos;17.0.12&amp;apos;
Driver info: org.openqa.selenium.chrome.ChromeDriver
Command: [42171eed2ccc20c8a57b8b0aaab96d8f, clickElement {id=f.62361C49C0E87E3E0C5CF541F05E7549.d.E30306D7F093FD62EEC36AFBF932D31C.e.52}]
Capabilities {acceptInsecureCerts: false, browserName: chrome, browserVersion: 129.0.6668.100, chrome: {chromedriverVersion: 129.0.6668.100 (cf58cba358d..., userDataDir: /tmp/.org.chromium.Chromium...}, fedcm:accounts: true, goog:chromeOptions: {debuggerAddress: localhost:39989}, networkConnectionEnabled: false, pageLoadStrategy: normal, platformName: linux, proxy: Proxy(), se:cdp: ws://localhost:39989/devtoo..., se:cdpVersion: 129.0.6668.100, setWindowRect: true, strictFileInteractability: false, timeouts: {implicit: 0, pageLoad: 300000, script: 30000}, unhandledPromptBehavior: dismiss and notify, webauthn:extension:credBlob: true, webauthn:extension:largeBlob: true, webauthn:extension:minPinLength: true, webauthn:extension:prf: true, webauthn:virtualAuthenticators: true}
Element: [[ChromeDriver: chrome on linux (42171eed2ccc20c8a57b8b0aaab96d8f)] -&amp;gt; xpath: //tbody/tr/td/a]
Session ID: 42171eed2ccc20c8a57b8b0aaab96d8f">
      <![CDATA[org.openqa.selenium.ElementClickInterceptedException: element click intercepted: Element <a class="MuiTypography-root MuiTypography-inherit MuiLink-root MuiLink-underlineAlways css-1pjrb3v" href="https://quickoffice-internal.googlesource.com/html-office/+/...2d3b1b15262545373333d3939f7f713">6b5f75361</a> is not clickable at point (725, 201). Other element would receive the click: <p>...</p>
  (Session info: chrome=129.0.6668.100)
Build info: version: '4.13.0', revision: 'ba948ece5b*'
System info: os.name: 'Linux', os.arch: 'amd64', os.version: '5.15.0-122-generic', java.version: '17.0.12'
Driver info: org.openqa.selenium.chrome.ChromeDriver
Command: [42171eed2ccc20c8a57b8b0aaab96d8f, clickElement {id=f.62361C49C0E87E3E0C5CF541F05E7549.d.E30306D7F093FD62EEC36AFBF932D31C.e.52}]
Capabilities {acceptInsecureCerts: false, browserName: chrome, browserVersion: 129.0.6668.100, chrome: {chromedriverVersion: 129.0.6668.100 (cf58cba358d..., userDataDir: /tmp/.org.chromium.Chromium...}, fedcm:accounts: true, goog:chromeOptions: {debuggerAddress: localhost:39989}, networkConnectionEnabled: false, pageLoadStrategy: normal, platformName: linux, proxy: Proxy(), se:cdp: ws://localhost:39989/devtoo..., se:cdpVersion: 129.0.6668.100, setWindowRect: true, strictFileInteractability: false, timeouts: {implicit: 0, pageLoad: 300000, script: 30000}, unhandledPromptBehavior: dismiss and notify, webauthn:extension:credBlob: true, webauthn:extension:largeBlob: true, webauthn:extension:minPinLength: true, webauthn:extension:prf: true, webauthn:virtualAuthenticators: true}
Element: [[ChromeDriver: chrome on linux (42171eed2ccc20c8a57b8b0aaab96d8f)] -> xpath: //tbody/tr/td/a]
Session ID: 42171eed2ccc20c8a57b8b0aaab96d8f
at org.openqa.selenium.remote.codec.w3c.W3CHttpResponseCodec.createException(W3CHttpResponseCodec.java:200)
at org.openqa.selenium.remote.codec.w3c.W3CHttpResponseCodec.decode(W3CHttpResponseCodec.java:133)
at org.openqa.selenium.remote.codec.w3c.W3CHttpResponseCodec.decode(W3CHttpResponseCodec.java:52)
at org.openqa.selenium.remote.HttpCommandExecutor.execute(HttpCommandExecutor.java:191)
at org.openqa.selenium.remote.service.DriverCommandExecutor.invokeExecute(DriverCommandExecutor.java:196)
at org.openqa.selenium.remote.service.DriverCommandExecutor.execute(DriverCommandExecutor.java:171)
at org.openqa.selenium.remote.RemoteWebDriver.execute(RemoteWebDriver.java:602)
at org.openqa.selenium.remote.RemoteWebElement.execute(RemoteWebElement.java:224)
at org.openqa.selenium.remote.RemoteWebElement.click(RemoteWebElement.java:77)
at try_automation.Build_Page.build(Build_Page.java:40)
at automation_Test.Automationtest.build(Automationtest.java:21)
at java.base/java.util.ArrayList.forEach(ArrayList.java:1511)
... Removed 37 stack frames]]>
    </failure>
  </testcase> <!-- build -->
  <testcase classname="automation_Test.Automationtest" name="execute_shell_script" time="0.004"/>
</testsuite> <!-- Surefire test -->
