-------------------------------------------------------------------------------
Test set: automation_Test.Automationtest
-------------------------------------------------------------------------------
Tests run: 2, Failures: 1, Errors: 0, Skipped: 0, Time elapsed: 41.38 s <<< FAILURE! - in automation_Test.Automationtest
build(automation_Test.Automationtest)  Time elapsed: 7.189 s  <<< FAILURE!
org.openqa.selenium.ElementClickInterceptedException: 
element click intercepted: Element <a class="MuiTypography-root MuiTypography-inherit MuiLink-root MuiLink-underlineAlways css-1pjrb3v" href="https://quickoffice-internal.googlesource.com/html-office/+/...2d3b1b15262545373333d3939f7f713">6b5f75361</a> is not clickable at point (725, 201). Other element would receive the click: <p>...</p>
  (Session info: chrome=129.0.6668.100)
Build info: version: '4.13.0', revision: 'ba948ece5b*'
System info: os.name: 'Linux', os.arch: 'amd64', os.version: '5.15.0-122-generic', java.version: '17.0.12'
Driver info: org.openqa.selenium.chrome.ChromeDriver
Command: [42171eed2ccc20c8a57b8b0aaab96d8f, clickElement {id=f.62361C49C0E87E3E0C5CF541F05E7549.d.E30306D7F093FD62EEC36AFBF932D31C.e.52}]
Capabilities {acceptInsecureCerts: false, browserName: chrome, browserVersion: 129.0.6668.100, chrome: {chromedriverVersion: 129.0.6668.100 (cf58cba358d..., userDataDir: /tmp/.org.chromium.Chromium...}, fedcm:accounts: true, goog:chromeOptions: {debuggerAddress: localhost:39989}, networkConnectionEnabled: false, pageLoadStrategy: normal, platformName: linux, proxy: Proxy(), se:cdp: ws://localhost:39989/devtoo..., se:cdpVersion: 129.0.6668.100, setWindowRect: true, strictFileInteractability: false, timeouts: {implicit: 0, pageLoad: 300000, script: 30000}, unhandledPromptBehavior: dismiss and notify, webauthn:extension:credBlob: true, webauthn:extension:largeBlob: true, webauthn:extension:minPinLength: true, webauthn:extension:prf: true, webauthn:virtualAuthenticators: true}
Element: [[ChromeDriver: chrome on linux (42171eed2ccc20c8a57b8b0aaab96d8f)] -> xpath: //tbody/tr/td/a]
Session ID: 42171eed2ccc20c8a57b8b0aaab96d8f
	at automation_Test.Automationtest.build(Automationtest.java:21)

