<?xml version="1.0" encoding="UTF-8"?>
<testsuite xmlns:xsi="http://www.w3.org/2001/XMLSchema-instance" xsi:noNamespaceSchemaLocation="https://maven.apache.org/surefire/maven-surefire-plugin/xsd/surefire-test-report.xsd" name="automation_Test.Automationtest" time="41.38" tests="2" errors="0" skipped="0" failures="1">
  <properties>
[...]
</properties>
  <testcase name="build" classname="automation_Test.Automationtest" time="7.189">
    <failure message="element click intercepted: Element &lt;a class=&quot;MuiTypography-root MuiTypography-inherit MuiLink-root MuiLink-underlineAlways css-1pjrb3v&quot; href=&quot;https://quickoffice-internal.googlesource.com/html-office/+/...2d3b1b15262545373333d3939f7f713&quot;&gt;6b5f75361&lt;/a&gt; is not clickable at point (725, 201). Other element would receive the click: &lt;p&gt;...&lt;/p&gt;&#10;  (Session info: chrome=129.0.6668.100)&#10;Build info: version: &apos;4.13.0&apos;, revision: &apos;ba948ece5b*&apos;&#10;System info: os.name: &apos;Linux&apos;, os.arch: &apos;amd64&apos;, os.version: &apos;5.15.0-122-generic&apos;, java.version: &apos;17.0.12&apos;&#10;Driver info: org.openqa.selenium.chrome.ChromeDriver&#10;Command: [42171eed2ccc20c8a57b8b0aaab96d8f, clickElement {id=f.62361C49C0E87E3E0C5CF541F05E7549.d.E30306D7F093FD62EEC36AFBF932D31C.e.52}]&#10;Capabilities {acceptInsecureCerts: false, browserName: chrome, browserVersion: 129.0.6668.100, chrome: {chromedriverVersion: 129.0.6668.100 (cf58cba358d..., userDataDir: /tmp/.org.chromium.Chromium...}, fedcm:accounts: true, goog:chromeOptions: {debuggerAddress: localhost:39989}, networkConnectionEnabled: false, pageLoadStrategy: normal, platformName: linux, proxy: Proxy(), se:cdp: ws://localhost:39989/devtoo..., se:cdpVersion: 129.0.6668.100, setWindowRect: true, strictFileInteractability: false, timeouts: {implicit: 0, pageLoad: 300000, script: 30000}, unhandledPromptBehavior: dismiss and notify, webauthn:extension:credBlob: true, webauthn:extension:largeBlob: true, webauthn:extension:minPinLength: true, webauthn:extension:prf: true, webauthn:virtualAuthenticators: true}&#10;Element: [[ChromeDriver: chrome on linux (42171eed2ccc20c8a57b8b0aaab96d8f)] -&gt; xpath: //tbody/tr/td/a]&#10;Session ID: 42171eed2ccc20c8a57b8b0aaab96d8f" type="org.openqa.selenium.ElementClickInterceptedException"><![CDATA[org.openqa.selenium.ElementClickInterceptedException: 
element click intercepted: Element <a class="MuiTypography-root MuiTypography-inherit MuiLink-root MuiLink-underlineAlways css-1pjrb3v" href="https://quickoffice-internal.googlesource.com/html-office/+/...2d3b1b15262545373333d3939f7f713">6b5f75361</a> is not clickable at point (725, 201). Other element would receive the click: <p>...</p>
  (Session info: chrome=129.0.6668.100)
Build info: version: '4.13.0', revision: 'ba948ece5b*'
System info: os.name: 'Linux', os.arch: 'amd64', os.version: '5.15.0-122-generic', java.version: '17.0.12'
Driver info: org.openqa.selenium.chrome.ChromeDriver
Command: [42171eed2ccc20c8a57b8b0aaab96d8f, clickElement {id=f.62361C49C0E87E3E0C5CF541F05E7549.d.E30306D7F093FD62EEC36AFBF932D31C.e.52}]
Capabilities {acceptInsecureCerts: false, browserName: chrome, browserVersion: 129.0.6668.100, chrome: {chromedriverVersion: 129.0.6668.100 (cf58cba358d..., userDataDir: /tmp/.org.chromium.Chromium...}, fedcm:accounts: true, goog:chromeOptions: {debuggerAddress: localhost:39989}, networkConnectionEnabled: false, pageLoadStrategy: normal, platformName: linux, proxy: Proxy(), se:cdp: ws://localhost:39989/devtoo..., se:cdpVersion: 129.0.6668.100, setWindowRect: true, strictFileInteractability: false, timeouts: {implicit: 0, pageLoad: 300000, script: 30000}, unhandledPromptBehavior: dismiss and notify, webauthn:extension:credBlob: true, webauthn:extension:largeBlob: true, webauthn:extension:minPinLength: true, webauthn:extension:prf: true, webauthn:virtualAuthenticators: true}
Element: [[ChromeDriver: chrome on linux (42171eed2ccc20c8a57b8b0aaab96d8f)] -> xpath: //tbody/tr/td/a]
Session ID: 42171eed2ccc20c8a57b8b0aaab96d8f
	at automation_Test.Automationtest.build(Automationtest.java:21)
]]></failure>
    <system-out><![CDATA[CI URL has been accessed
Login button clicked
Email ID entered
Next button clicked
Password entered
Next button clicked
Continue button clicked
Continue button clicked
Page scrolled
50
]]></system-out>
    <system-err><![CDATA[SLF4J: Failed to load class "org.slf4j.impl.StaticLoggerBinder".
SLF4J: Defaulting to no-operation (NOP) logger implementation
SLF4J: See http://www.slf4j.org/codes.html#StaticLoggerBinder for further details.
Oct 17, 2024 10:23:48 PM org.openqa.selenium.devtools.CdpVersionFinder findNearestMatch
WARNING: Unable to find CDP implementation matching 129
Oct 17, 2024 10:23:48 PM org.openqa.selenium.chromium.ChromiumDriver lambda$new$5
WARNING: Unable to find version of CDP to use for 129.0.6668.100. You may need to include a dependency on a specific version of the CDP using something similar to `org.seleniumhq.selenium:selenium-devtools-v86:4.13.0` where the version ("v86") matches the version of the chromium-based browser you're using and the version number of the artifact is the same as Selenium's.
]]></system-err>
  </testcase>
  <testcase name="execute_shell_script" classname="automation_Test.Automationtest" time="0.002"/>
</testsuite>